app/build/intermediates/manifest_merge_blame_file/debug/manifest-merger-blame-debug-report.txt
1<?xml version="1.0" encoding="utf-8"?>
2<manifest xmlns:android="http://schemas.android.com/apk/res/android"
3    package="org.subinium.smstoemail"
4    android:versionCode="1"
5    android:versionName="1.0" >
6
7    <uses-sdk
8        android:minSdkVersion="21"
8-->src/main/AndroidManifest.xml
9        android:targetSdkVersion="28" />
9-->src/main/AndroidManifest.xml
10
11    <uses-permission android:name="android.permission.INTERNET" />
11-->src/main/AndroidManifest.xml:4:5-67
11-->src/main/AndroidManifest.xml:4:22-64
12    <uses-permission android:name="android.permission.RECEIVE_SMS" />
12-->src/main/AndroidManifest.xml:5:5-70
12-->src/main/AndroidManifest.xml:5:22-67
13
14    <application
14-->src/main/AndroidManifest.xml:7:5-28:19
15        android:allowBackup="true"
15-->src/main/AndroidManifest.xml:8:9-35
16        android:appComponentFactory="androidx.core.app.CoreComponentFactory"
16-->[androidx.core:core:1.5.0-alpha04] AndroidManifest.xml:24:18-86
17        android:debuggable="true"
18        android:icon="@mipmap/ic_launcher"
18-->src/main/AndroidManifest.xml:9:9-43
19        android:label="@string/app_name"
19-->src/main/AndroidManifest.xml:10:9-41
20        android:roundIcon="@mipmap/ic_launcher_round"
20-->src/main/AndroidManifest.xml:11:9-54
21        android:supportsRtl="true"
21-->src/main/AndroidManifest.xml:12:9-35
22        android:theme="@style/AppTheme" >
22-->src/main/AndroidManifest.xml:13:9-40
23        <activity android:name="org.subinium.smstoemail.SmsToEmailActivity" >
23-->src/main/AndroidManifest.xml:14:9-21:20
23-->src/main/AndroidManifest.xml:14:19-53
24            <intent-filter>
24-->src/main/AndroidManifest.xml:15:13-20:29
25                <action android:name="android.intent.action.MAIN" />
25-->src/main/AndroidManifest.xml:16:17-69
25-->src/main/AndroidManifest.xml:16:25-66
26                <action android:name="android.intent.action.VIEW" />
26-->src/main/AndroidManifest.xml:17:17-69
26-->src/main/AndroidManifest.xml:17:25-66
27
28                <category android:name="android.intent.category.LAUNCHER" />
28-->src/main/AndroidManifest.xml:19:17-77
28-->src/main/AndroidManifest.xml:19:27-74
29            </intent-filter>
30        </activity>
31
32        <receiver
32-->src/main/AndroidManifest.xml:23:9-27:20
33            android:name="org.subinium.smstoemail.SmsReceiver"
33-->src/main/AndroidManifest.xml:23:19-46
34            android:enabled="true" >
34-->src/main/AndroidManifest.xml:23:47-69
35            <intent-filter>
35-->src/main/AndroidManifest.xml:24:13-26:29
36                <action android:name="android.provider.Telephony.SMS_RECEIVED" />
36-->src/main/AndroidManifest.xml:25:17-82
36-->src/main/AndroidManifest.xml:25:25-79
37            </intent-filter>
38        </receiver>
39    </application>
40
41</manifest>